26/05/25 15:32:57 WARN SparkConf: The configuration key 'spark.yarn.executor.memoryOverhead' has been deprecated as of Spark 2.3 and may be removed in the future. Please use the new key 'spark.executor.memoryOverhead' instead.
26/05/25 15:32:57 WARN SparkConf: The configuration key 'spark.yarn.driver.memoryOverhead' has been deprecated as of Spark 2.3 and may be removed in the future. Please use the new key 'spark.driver.memoryOverhead' instead.
:: loading settings :: url = jar:file:/opt/spark/jars/ivy-2.5.1.jar!/org/apache/ivy/core/settings/ivysettings.xml
Ivy Default Cache set to: /home/hadoop/.ivy2/cache
The jars for the packages stored in: /home/hadoop/.ivy2/jars
org.apache.spark#spark-sql-kafka-0-10_2.12 added as a dependency
org.postgresql#postgresql added as a dependency
:: resolving dependencies :: org.apache.spark#spark-submit-parent-6e604aea-165e-4a79-b432-69b10ffc7e9e;1.0
	confs: [default]
	found org.apache.spark#spark-sql-kafka-0-10_2.12;3.5.0 in central
	found org.apache.spark#spark-token-provider-kafka-0-10_2.12;3.5.0 in central
	found org.apache.kafka#kafka-clients;3.4.1 in central
	found org.lz4#lz4-java;1.8.0 in central
	found org.xerial.snappy#snappy-java;1.1.10.3 in central
	found org.slf4j#slf4j-api;2.0.7 in central
	found org.apache.hadoop#hadoop-client-runtime;3.3.4 in central
	found org.apache.hadoop#hadoop-client-api;3.3.4 in central
	found commons-logging#commons-logging;1.1.3 in local-m2-cache
	found com.google.code.findbugs#jsr305;3.0.0 in local-m2-cache
	found org.apache.commons#commons-pool2;2.11.1 in local-m2-cache
	found org.postgresql#postgresql;42.7.2 in central
	found org.checkerframework#checker-qual;3.42.0 in central
:: resolution report :: resolve 923ms :: artifacts dl 28ms
	:: modules in use:
	com.google.code.findbugs#jsr305;3.0.0 from local-m2-cache in [default]
	commons-logging#commons-logging;1.1.3 from local-m2-cache in [default]
	org.apache.commons#commons-pool2;2.11.1 from local-m2-cache in [default]
	org.apache.hadoop#hadoop-client-api;3.3.4 from central in [default]
	org.apache.hadoop#hadoop-client-runtime;3.3.4 from central in [default]
	org.apache.kafka#kafka-clients;3.4.1 from central in [default]
	org.apache.spark#spark-sql-kafka-0-10_2.12;3.5.0 from central in [default]
	org.apache.spark#spark-token-provider-kafka-0-10_2.12;3.5.0 from central in [default]
	org.checkerframework#checker-qual;3.42.0 from central in [default]
	org.lz4#lz4-java;1.8.0 from central in [default]
	org.postgresql#postgresql;42.7.2 from central in [default]
	org.slf4j#slf4j-api;2.0.7 from central in [default]
	org.xerial.snappy#snappy-java;1.1.10.3 from central in [default]
	---------------------------------------------------------------------
	|                  |            modules            ||   artifacts   |
	|       conf       | number| search|dwnlded|evicted|| number|dwnlded|
	---------------------------------------------------------------------
	|      default     |   13  |   0   |   0   |   0   ||   13  |   0   |
	---------------------------------------------------------------------
:: retrieving :: org.apache.spark#spark-submit-parent-6e604aea-165e-4a79-b432-69b10ffc7e9e
	confs: [default]
	0 artifacts copied, 13 already retrieved (0kB/25ms)
26/05/25 15:32:58 WARN SparkConf: The configuration key 'spark.yarn.executor.memoryOverhead' has been deprecated as of Spark 2.3 and may be removed in the future. Please use the new key 'spark.executor.memoryOverhead' instead.
26/05/25 15:32:58 WARN SparkConf: The configuration key 'spark.yarn.driver.memoryOverhead' has been deprecated as of Spark 2.3 and may be removed in the future. Please use the new key 'spark.driver.memoryOverhead' instead.
26/05/25 15:32:59 WARN NativeCodeLoader: Unable to load native-hadoop library for your platform... using builtin-java classes where applicable
26/05/25 15:32:59 WARN SparkConf: The configuration key 'spark.yarn.executor.memoryOverhead' has been deprecated as of Spark 2.3 and may be removed in the future. Please use the new key 'spark.executor.memoryOverhead' instead.
26/05/25 15:32:59 WARN SparkConf: The configuration key 'spark.yarn.driver.memoryOverhead' has been deprecated as of Spark 2.3 and may be removed in the future. Please use the new key 'spark.driver.memoryOverhead' instead.
26/05/25 15:33:00 WARN SparkConf: The configuration key 'spark.yarn.executor.memoryOverhead' has been deprecated as of Spark 2.3 and may be removed in the future. Please use the new key 'spark.executor.memoryOverhead' instead.
26/05/25 15:33:00 WARN SparkConf: The configuration key 'spark.yarn.driver.memoryOverhead' has been deprecated as of Spark 2.3 and may be removed in the future. Please use the new key 'spark.driver.memoryOverhead' instead.
26/05/25 15:33:00 INFO SparkContext: Running Spark version 3.5.6
26/05/25 15:33:00 INFO SparkContext: OS info Linux, 6.17.0-23-generic, amd64
26/05/25 15:33:00 INFO SparkContext: Java version 11.0.30
26/05/25 15:33:00 INFO ResourceUtils: ==============================================================
26/05/25 15:33:00 INFO ResourceUtils: No custom resources configured for spark.driver.
26/05/25 15:33:00 INFO ResourceUtils: ==============================================================
26/05/25 15:33:00 INFO SparkContext: Submitted application: Realtime-Stock-Pipeline
26/05/25 15:33:01 INFO ResourceProfile: Default ResourceProfile created, executor resources: Map(memoryOverhead -> name: memoryOverhead, amount: 384, script: , vendor: , cores -> name: cores, amount: 2, script: , vendor: , memory -> name: memory, amount: 2048, script: , vendor: , offHeap -> name: offHeap, amount: 0, script: , vendor: ), task resources: Map(cpus -> name: cpus, amount: 1.0)
26/05/25 15:33:01 INFO ResourceProfile: Limiting resource is cpus at 2 tasks per executor
26/05/25 15:33:01 INFO ResourceProfileManager: Added ResourceProfile id: 0
26/05/25 15:33:01 INFO SecurityManager: Changing view acls to: hadoop
26/05/25 15:33:01 INFO SecurityManager: Changing modify acls to: hadoop
26/05/25 15:33:01 INFO SecurityManager: Changing view acls groups to: 
26/05/25 15:33:01 INFO SecurityManager: Changing modify acls groups to: 
26/05/25 15:33:01 INFO SecurityManager: SecurityManager: authentication disabled; ui acls disabled; users with view permissions: hadoop; groups with view permissions: EMPTY; users with modify permissions: hadoop; groups with modify permissions: EMPTY
26/05/25 15:33:01 INFO Utils: Successfully started service 'sparkDriver' on port 38663.
26/05/25 15:33:01 INFO SparkEnv: Registering MapOutputTracker
26/05/25 15:33:01 INFO SparkEnv: Registering BlockManagerMaster
26/05/25 15:33:01 INFO BlockManagerMasterEndpoint: Using org.apache.spark.storage.DefaultTopologyMapper for getting topology information
26/05/25 15:33:01 INFO BlockManagerMasterEndpoint: BlockManagerMasterEndpoint up
26/05/25 15:33:01 INFO SparkEnv: Registering BlockManagerMasterHeartbeat
26/05/25 15:33:01 INFO DiskBlockManager: Created local directory at /tmp/blockmgr-8f6c299b-49ad-4db6-b0cb-44647bf7ebfa
26/05/25 15:33:01 INFO MemoryStore: MemoryStore started with capacity 1048.8 MiB
26/05/25 15:33:01 INFO SparkEnv: Registering OutputCommitCoordinator
26/05/25 15:33:01 INFO JettyUtils: Start Jetty 127.0.0.1:8200 for SparkUI
26/05/25 15:33:01 WARN Utils: Service 'SparkUI' could not bind on port 8200. Attemp26/05/25 15:33:01 INFO SparkContext: Added JAR file:///home/hadoop/.ivy2/jars/org.apache.spark_spar26/05/25 15:33:01 INFO SparkContext: Added JAR file:///home/hadoop/.ivy2/jars/org.apache.spark_spark-sql-kafka-0-10_2.12-3.5.0.jar at spark://localhost:38663/jars/org.apache.spark_spark-sql-kafka-0-10_2.12-3.5.0.jar with timestamp 1779697980948
26/05/25 15:33:01 INFO SparkContext: Added JAR file:///home/hadoop/.ivy2/jars/org.postgresql_postgresql-42.7.2.jar at spark://localhost:38663/jars/org.postgresql_postgresql-42.7.2.jar with timestamp 1779697980948
26/05/25 15:33:01 INFO SparkContext: Added JAR file:///home/hadoop/.ivy2/jars/org.apache.spark_spark-token-provider-kafka-0-10_2.12-3.5.0.jar at spark://localhost:38663/jars/org.apache.spark_spark-token-provider-kafka-0-10_2.12-3.5.0.jar with timestamp 1779697980948
26/05/25 15:33:01 INFO SparkContext: Added JAR file:///home/hadoop/.ivy2/jars/org.apache.kafka_kafka-clients-3.4.1.jar at spark://localhost:38663/jars/org.apache.kafka_kafka-clients-3.4.1.jar with timestamp 1779697980948
26/05/25 15:33:01 INFO SparkContext: Added JAR file:///home/hadoop/.ivy2/jars/com.google.code.findbugs_jsr305-3.0.0.jar at spark://localhost:38663/jars/com.google.code.findbugs_jsr305-3.0.0.jar with timestamp 1779697980948
26/05/25 15:33:01 INFO SparkContext: Added JAR file:///home/hadoop/.ivy2/jars/org.apache.commons_commons-pool2-2.11.1.jar at spark://localhost:38663/jars/org.apache.commons_commons-pool2-2.11.1.jar with timestamp 1779697980948
26/05/25 15:33:01 INFO SparkContext: Added JAR file:///home/hadoop/.ivy2/jars/org.apache.hadoop_hadoop-client-runtime-3.3.4.jar at spark://localhost:38663/jars/org.apache.hadoop_hadoop-client-runtime-3.3.4.jar with timestamp 1779697980948
26/05/25 15:33:01 INFO SparkContext: Added JAR file:///home/hadoop/.ivy2/jars/org.lz4_lz4-java-1.8.0.jar at spark://localhost:38663/jars/org.lz4_lz4-java-1.8.0.jar with timestamp 1779697980948
26/05/25 15:33:01 INFO SparkContext: Added JAR file:///home/hadoop/.ivy2/jars/org.xerial.snappy_snappy-java-1.1.10.3.jar at spark://localhost:38663/jars/org.xerial.snappy_snappy-java-1.1.10.3.jar with timestamp 1779697980948
26/05/25 15:33:01 INFO SparkContext: Added JAR file:///home/hadoop/.ivy2/jars/org.slf4j_slf4j-api-2.0.7.jar at spark://localhost:38663/jars/org.slf4j_slf4j-api-2.0.7.jar with timestamp 1779697980948
26/05/25 15:33:01 INFO SparkContext: Added JAR file:///home/hadoop/.ivy2/jars/org.apache.hadoop_hadoop-client-api-3.3.4.jar at spark://localhost:38663/jars/org.apache.hadoop_hadoop-client-api-3.3.4.jar with timestamp 1779697980948
26/05/25 15:33:01 INFO SparkContext: Added JAR file:///home/hadoop/.ivy2/jars/commons-logging_commons-logging-1.1.3.jar at spark://localhost:38663/jars/commons-logging_commons-logging-1.1.3.jar with timestamp 1779697980948
26/05/25 15:33:01 INFO SparkContext: Added JAR file:///home/hadoop/.ivy2/jars/org.checkerframework_checker-qual-3.42.0.jar at spark://localhost:38663/jars/org.checkerframework_checker-qual-3.42.0.jar with timestamp 1779697980948
26/05/25 15:33:01 INFO SparkContext: Added file file:///home/hadoop/.ivy2/jars/org.apache.spark_spark-sql-kafka-0-10_2.12-3.5.0.jar at file:///home/hadoop/.ivy2/jars/org.apache.spark_spark-sql-kafka-0-10_2.12-3.5.0.jar with timestamp 1779697980948
26/05/25 15:33:01 INFO Utils: Copying /home/hadoop/.ivy2/jars/org.apache.spark_spark-sql-kafka-0-10_2.12-3.5.0.jar to /tmp/spark-fcf7a622-9c95-45cb-8ec6-ba46cd26997e/u26/05/25 15:33:01 INFO SparkContext: Added file file:///home/hadoop/.ivy2/jars/org.postgresql_postg26/05/25 15:33:01 INFO SparkContext: Added file file:///home/hadoop/.ivy2/jars/org.postgresql_postgresql-42.7.2.jar at file:///home/hadoop/.ivy2/jars/org.postgresql_postgresql-42.7.2.jar with timestamp 1779697980948
26/05/25 15:33:01 INFO Utils: Copying /home/hadoop/.ivy2/jars/org.postgresql_postgresql-42.7.2.jar to /tmp/spark-fcf7a622-9c95-45cb-8ec6-ba46cd26997e/userFiles-94cdce42-801a-4c7a-9cc6-0c48aa64ee5c/org.postgresql_postgresql-42.7.2.jar
26/05/25 15:33:01 INFO SparkContext: Added file file:///home/hadoop/.ivy2/jars/org.apache.spark_spark-token-provider-kafka-0-10_2.12-3.5.0.jar at file:///home/hadoop/.ivy2/jars/org.apache.spark_spark-token-provider-kafka-0-10_2.12-3.5.0.jar with timestamp 1779697980948
26/05/25 15:33:01 INFO Utils: Copying /home/hadoop/.ivy2/jars/org.apache.spark_spark-token-provider-kafka-0-10_2.12-3.5.0.jar to /tmp/spark-fcf7a622-9c95-45cb-8ec6-ba46cd26997e/userFiles-94cdce42-801a-4c7a-9cc6-0c48aa64ee5c/org.apache.spark_spark-token-provider-kafka-0-10_2.12-3.5.0.jar
26/05/25 15:33:01 INFO SparkContext: Added file file:///home/hadoop/.ivy2/jars/org.apache.kafka_kafka-clients-3.4.1.jar at file:///home/hadoop/.ivy2/jars/org.apache.kafka_kafka-clients-3.4.1.jar with timestamp 1779697980948
26/05/25 15:33:01 INFO Utils: Copying /home/hadoop/.ivy2/jars/org.apache.kafka_kafka-clients-3.4.1.jar to /tmp/spark-fcf7a622-9c95-45cb-8ec6-ba46cd26997e/userFiles-94cdce42-801a-4c7a-9cc6-0c48aa64ee5c/org.apache.kafka_kafka-clients-3.4.1.jar
26/05/25 15:33:01 INFO SparkContext: Added file file:///home/hadoop/.ivy2/jars/com.google.code.findbugs_jsr305-3.0.0.jar at file:///home/hadoop/.ivy2/jars/com.google.code.findbugs_jsr305-3.0.0.jar with timestamp 1779697980948
26/05/25 15:33:01 INFO Utils: Copying /home/hadoop/.ivy2/jars/com.google.code.findbugs_jsr305-3.0.0.jar to /tmp/spark-fcf7a622-9c95-45cb-8ec6-ba46cd26997e/userFiles-94cdce42-801a-4c7a-9cc6-0c48aa64ee5c/com.google.code.findbugs_jsr305-3.0.0.jar
26/05/25 15:33:01 INFO SparkContext: Added file file:///home/hadoop/.ivy2/jars/org.apache.commons_commons-pool2-2.11.1.jar at file:///home/hadoop/.ivy2/jars/org.apache.commons_commons-pool2-2.11.1.jar with timestamp 1779697980948
26/05/25 15:33:01 INFO Utils: Copying /home/hadoop/.ivy2/jars/org.apache.commons_commons-pool2-2.11.1.jar to /tmp/spark-fcf7a622-9c95-45cb-8ec6-ba46cd26997e/userFiles-94cdce42-801a-4c7a-9cc6-0c48aa64ee5c/org.apache.commons_commons-pool2-2.11.1.jar
26/05/25 15:33:01 INFO SparkContext: Added file file:///home/hadoop/.ivy2/jars/org.apache.hadoop_hadoop-client-runtime-3.3.4.jar at file:///home/hadoop/.ivy2/jars/org.apache.hadoop_hadoop-client-runtime-3.3.4.jar with timestamp 1779697980948
26/05/25 15:33:01 INFO Utils: Copying /home/hadoop/.ivy2/jars/org.apache.hadoop_hadoop-client-runtime-3.3.4.jar to /tmp/spark-fcf7a622-9c95-45cb-8ec6-ba46cd2699726/05/25 15:33:01 INFO SparkContext: Added file file:///home/hadoop/.ivy2/jars/org.lz4_lz4-java-1.826/05/25 15:33:02 INFO SparkContext: Added file file:///home/hadoop/.ivy2/jars/org.lz4_lz4-java-1.8.0.jar at file:///home/hadoop/.ivy2/jars/org.lz4_lz4-java-1.8.0.jar with timestamp 1779697980948
26/05/25 15:33:02 INFO Utils: Copying /home/hadoop/.ivy2/jars/org.lz4_lz4-java-1.8.0.jar to /tmp/spark-fcf7a622-9c95-45cb-8ec6-ba46cd26997e/userFiles-94cdce42-801a-4c7a-9cc6-0c48aa64ee5c/org.lz4_lz4-java-1.8.0.jar
26/05/25 15:33:02 INFO SparkContext: Added file file:///home/hadoop/.ivy2/jars/org.xerial.snappy_snappy-java-1.1.10.3.jar at file:///home/hadoop/.ivy2/jars/org.xerial.snappy_snappy-java-1.1.10.3.jar with timestamp 1779697980948
26/05/25 15:33:02 INFO Utils: Copying /home/hadoop/.ivy2/jars/org.xerial.snappy_snappy-java-1.1.10.3.jar to /tmp/spark-fcf7a622-9c95-45cb-8ec6-ba46cd26997e/userFiles-94cdce42-801a-4c7a-9cc6-0c48aa64ee5c/org.xerial.snappy_snappy-java-1.1.10.3.jar
26/05/25 15:33:02 INFO SparkContext: Added file file:///home/hadoop/.ivy2/jars/org.slf4j_slf4j-api-2.0.7.jar at file:///home/hadoop/.ivy2/jars/org.slf4j_slf4j-api-2.0.7.jar with timestamp 1779697980948
26/05/25 15:33:02 INFO Utils: Copying /home/hadoop/.ivy2/jars/org.slf4j_slf4j-api-2.0.7.jar to /tmp/spark-fcf7a622-9c95-45cb-8ec6-ba46cd26997e/userFiles-94cdce42-801a-4c7a-9cc6-0c48aa64ee5c/org.slf4j_slf4j-api-2.0.7.jar
26/05/25 15:33:02 INFO SparkContext: Added file file:///home/hadoop/.ivy2/jars/org.apache.hadoop_hadoop-client-api-3.3.4.jar at file:///home/hadoop/.ivy2/jars/org.apache.hadoop_hadoop-client-api-3.3.4.jar with timestamp 1779697980948
26/05/25 15:33:02 INFO Utils: Copying /home/hadoop/.ivy2/jars/org.apache.hadoop_hadoop-client-api-3.3.4.jar to /tmp/spark-fcf7a622-9c95-45cb-8ec6-ba46cd226/05/25 15:33:02 INFO SparkContext: Added file file:///home/hadoop/.ivy2/jars/commons-logging_comm26/05/25 15:33:02 INFO SparkContext: Added file file:///home/hadoop/.ivy2/jars/commons-logging_commons-logging-1.1.3.jar at file:///home/hadoop/.ivy2/jars/commons-logging_commons-logging-1.1.3.jar with timestamp 1779697980948
26/05/25 15:33:02 INFO Utils: Copying /home/hadoop/.ivy2/jars/commons-logging_commons-logging-1.1.3.jar to /tmp/spark-fcf7a622-9c95-45cb-8ec6-ba46cd26997e/userFiles-94cdce42-801a-4c7a-9cc6-0c48aa64ee5c/commons-logging_commons-logging-1.1.3.jar
26/05/25 15:33:02 INFO SparkContext: Added file file:///home/hadoop/.ivy2/jars/org.checkerframework_checker-qual-3.42.0.jar at file:///home/hadoop/.ivy2/jars/org.checkerframework_checker-qual-3.42.0.jar with timestamp 1779697980948
26/05/25 15:33:02 INFO Utils: Copying /home/hadoop/.ivy2/jars/org.checkerframework_checker-qual-3.42.0.jar to /tmp/spark-fcf7a622-9c95-45cb-8ec6-ba46cd26/05/25 15:33:02 INFO Executor: Starting executor ID driver on host localhost
26/05/25 15:33:02 IN26/05/25 15:33:02 INFO Executor: Starting executor ID driver on host localhost
26/05/25 15:33:02 INFO Executor: OS info Linux, 6.17.0-23-generic, amd64
26/05/25 15:33:02 INFO Executor: Java version 11.0.30
26/05/25 15:33:02 INFO Executor: Starting executor with user classpath (userClassPathFirst = false): ''
26/05/25 15:33:02 INFO Executor: Crea26/05/25 15:33:02 INFO Executor: Fetching file:///home/hadoop/.ivy2/jars/org.apache.spark_spark-sq26/05/25 15:33:02 INFO Executor: Fetching file:///home/ha26/05/25 15:33:02 INFO Utils: /home/hadoop/.ivy2/jars/org.apache.spark_spark-sql-kafka-0-10_2.12-3.5.0.jar has been previously copied to /tmp/spark-6cb845bc-d357-4c30-ba6e-1cdc7abded99/userFiles-b27bf93a-0ec2-4146-8864-e93b3194124f/org.apache.spark_spark-sql-kafka-0-10_2.12-3.5.0.jar
26/05/25 15:33:02 INFO Executor: Fetching file:///home/hadoop/.ivy2/jars/org.apache.spark_spark-token-provider-kafka-0-10_2.12-3.5.0.jar with timestamp 1779697980913
26/05/25 15:33:02 INFO Utils: /home/hadoop/.ivy2/jars/org.apache.spark_spark-token-provider-kafka-0-10_2.12-3.5.0.jar has been previously copied to /tmp/spark-6cb845bc-d357-4c30-ba6e-1cdc7abded99/userFiles-b27bf93a-0ec2-4146-8864-e93b3194124f/org.apache.spark_spark-token-provider-kafka-0-10_2.12-3.5.0.jar
26/05/25 15:33:02 INFO Executor: Fetching file:///home/hadoop/.ivy2/jars/org.apache.hadoop_hadoop-client-api-3.3.4.jar with timestamp 1779697980913
26/05/25 15:33:02 INFO Utils: /home/hadoop/.ivy2/jars/org.apache.hadoop_hadoop-client-api-3.3.4.jar has been previously copied to /tmp/spark-6cb845bc-d357-4c30-ba6e-1cdc7abded99/userFiles-b27bf93a-0ec2-4146-8864-e93b3194124f/org.apache.hadoop_hadoop-client-api-3.3.4.jar
26/05/25 15:33:02 INFO Executor: Fetching file:///home/hadoop/.ivy2/jars/org.apache.commons_commons-pool2-2.11.1.jar with timestamp 1779697980913
26/05/25 15:33:02 INFO Utils: /home/hadoop/.ivy2/jars/org.apache.commons_commons-pool2-2.11.1.jar has been previously copied to /tmp/spark-6cb845bc-d357-4c30-ba6e-1cdc7abded99/userFiles-b27bf93a-0ec2-4146-8864-e93b3194124f/org.apache.commons_commons-pool2-2.11.1.jar
26/05/25 15:33:02 INFO Executor: Fetching file:///home/hadoop/.ivy2/jars/org.xerial.snappy_snappy-java-1.1.10.3.jar with timestamp 1779697980913
26/05/25 15:33:02 INFO Utils: /home/hadoop/.ivy2/jars/org.xerial.snappy_snappy-java-1.1.10.3.jar has been previously copied to /tmp/spark-6cb845bc-d357-4c30-ba6e-1cdc7abded99/userFiles-b27bf93a-0ec2-4146-8864-e93b3194124f/org.xerial.snappy_snappy-java-1.1.10.3.jar
26/05/25 15:33:02 INFO Executor: Fetching file:///home/hadoop/.ivy2/jars/org.lz4_lz4-java-1.8.0.jar with timestamp 1779697980913
26/05/25 15:33:02 INFO Utils: /home/hadoop/.ivy2/jars/org.lz4_lz4-java-1.8.0.jar has been previously copied to /tmp/spark-6cb845bc-d357-4c30-ba6e-1cdc7abded99/userFiles-b27bf93a-0ec2-4146-8864-e93b3194124f/org.lz4_lz4-java-1.8.0.jar
26/05/25 15:33:02 INFO Executor: Fetching file:///home/hadoop/.ivy2/jars/org.postgresql_postgresql-42.7.2.jar with timestamp 1779697980913
26/05/25 15:33:02 INFO Utils: /home/hadoop/.ivy2/jars/org.postgresql_postgresql-42.7.2.jar has been previously copied to /tmp/spark-6cb845bc-d357-4c30-ba6e-1cdc7abded99/userFiles-b27bf93a-0ec2-4146-8864-e93b3194124f/org.postgresql_postgresql-42.7.2.jar
26/05/25 15:33:02 INFO Executor: Fetching file:///home/hadoop/.ivy2/jars/org.slf4j_slf4j-api-2.0.7.jar with timestamp 1779697980913
26/05/25 15:33:02 INFO Utils: /home/hadoop/.ivy2/jars/org.slf4j_slf4j-api-2.0.7.jar has been previously copied to /tmp/spark-6cb845bc-d357-4c30-ba6e-1cdc7abded99/userFiles-b27bf93a-0ec2-4146-8864-e93b3194124f/org.slf4j_slf4j-api-2.0.7.jar
26/05/25 15:33:02 INFO Executor: Fetching file:///home/hadoop/.ivy2/jars/org.apache.hadoop_hadoop-client-runtime-3.3.4.jar with timestamp 1779697980913
26/05/25 15:33:02 INFO Utils: /home/hadoop/.ivy2/jars/org.apache.hadoop_hadoop-client-runtime-3.3.4.jar has been previously copied to /tmp/spark-6cb845bc-d357-4c30-ba6e-1cdc7abded99/userFiles-b27bf93a-0ec2-4146-8864-e93b3194124f/org.apache.hadoop_hadoop-client-runtime-3.3.4.jar
26/05/25 15:33:02 INFO Executor: Fetching file:///home/hadoop/.ivy2/jars/commons-logging_commons-logging-1.1.3.jar with timestamp 1779697980913
26/05/25 15:33:02 INFO Utils: /home/hadoop/.ivy2/jars/commons-logging_commons-logging-1.1.3.jar has been previously copied to /tmp/spark-6cb845bc-d357-4c30-ba6e-1cdc7abded99/userFiles-b27bf93a-0ec2-4146-8864-e93b3194124f/commons-logging_commons-logging-1.1.3.jar
26/05/25 15:33:02 INFO Executor: Fetching file:///home/hadoop/.ivy2/jars/com.google.code.findbugs_jsr305-3.0.0.jar with timestamp 1779697980913
26/05/25 15:33:02 INFO Utils: /home/hadoop/.ivy2/jars/com.google.code.findbugs_jsr305-3.0.0.jar has been previously copied to /tmp/spark-6cb845bc-d357-4c30-ba6e-1cdc7abded99/userFiles-b27bf93a-0ec2-4146-8864-e93b3194124f/com.google.code.findbugs_jsr305-3.0.0.jar
26/05/25 15:33:02 INFO Executor: Fetching file:///home/hadoop/.ivy2/jars/org.apache.kafka_kafka-clients-3.4.1.jar with timestamp 1779697980913
26/05/25 15:33:02 INFO Utils: /home/hadoop/.ivy2/jars/org.apache.kafka_kafka-clients-3.4.1.jar has been previously copied to /tmp/spark-6cb845bc-d357-4c30-ba6e-1cdc7abded99/userFiles-b27bf93a-0ec2-4146-8864-e93b3194124f/org.apache.kafka_kafka-clients-3.4.1.jar
26/05/25 15:33:02 INFO Executor: Fetching file:///home/hadoop/.ivy2/jars/org.checkerframework_checker-qual-3.42.0.jar with timestamp 1779697980913
26/05/25 15:33:02 INFO Utils: /home/hadoop/.ivy2/jars/org.checkerframework_checker-qual-3.42.0.jar has been previously copied to /tmp/spark-6cb845bc-d357-4c30-ba6e-1cdc7abded99/userFiles-b27bf93a-0ec2-4146-8864-e93b3194124f/org.checkerframework_checker-qual-3.42.0.jar
26/05/25 15:33:02 INFO Executor: Fetching spark://localhost:43457/jars/org.apache.kafka_kafka-clients-3.4.1.jar with timestamp 1779697980913
26/05/25 15:33:02 INFO TransportClientFactory: Successfully created connection to localhost/127.0.026/05/25 15:33:02 INFO TransportClientFactory: S26/05/25 15:33:02 INFO Utils: Fetching spark://localhost:43457/jars/org.apache.kafka_kafka-clients-26/05/25 15:33:02 INFO Utils: Fetching spark://localhost:38663/jars/com.google.code.findbugs_jsr305-3.0.0.jar to /tmp/spark-fcf7a622-9c95-45cb-8e26/05/25 15:33:02 INFO Utils: /tmp/spark-6cb845bc-d357-4c30-ba6e-1cdc7abded99/userFiles-b27bf93a-0ec2-4146-8864-e93b3194124f/fetchFileTemp6704592723834640352.tmp has been previously copied to /tmp/spark-6cb845bc-d357-4c30-ba6e-1cdc7abded99/userFiles-b27bf93a-0ec2-4146-8864-e93b3194124f/org.apache.kafka_kafka-clients-3.4.1.jar
26/05/25 15:33:02 INFO Executor: Adding file:/tmp/spark-6cb845bc-d357-4c30-ba6e-1cdc7abded99/userFiles-b27bf93a-0ec2-4146-8864-e93b3194124f/org.apache.kafka_kafka-clients-3.4.1.jar to class loader default
26/05/25 15:33:02 INFO Executor: Fetching spark://localhost:43457/jars/commons-logging_commons-logging-1.1.3.jar with timestamp 1779697980913
26/05/25 15:33:02 INFO Utils: Fetching spark://localhost:43457/jars/commons-logging_commons-logging-1.1.3.jar to /tmp/spark-6cb845bc-d357-4c30-ba6e-1cdc7abded99/userFiles-b27bf93a-0ec2-4146-8864-e93b3194124f/fetchFileTemp5358402187590049026.tmp
26/05/25 15:33:02 INFO Utils: /tmp/spark-6cb845bc-d357-4c30-ba6e-1cdc7abded99/userFiles-b27bf93a-0ec2-4146-8864-e93b3194124f/fetchFileTemp5358402187590049026.tmp has been previously copied to /tmp/spark-6cb845bc-d357-4c30-ba6e-1cdc7abded99/userFiles-b27bf93a-0ec2-4146-8864-e93b3194124f/commons-logging_commons-logging-1.1.3.jar
26/05/25 15:33:02 INFO Executor: Adding file:/tmp/spark-6cb845bc-d357-4c30-ba6e-1cdc7abded99/userFiles-b27bf93a-0ec2-4146-8864-e93b3194124f/commons-logging_commons-logging-1.1.3.jar to class loader default
26/05/25 15:33:02 INFO Executor: Fetching spark://localhost:43457/jars/org.postgresql_postgresql-42.7.2.jar with timestamp 1779697980913
26/05/25 15:33:02 INFO Utils: Fetching spark://localhost:43457/jars/org.postgresql_postgresql-42.7.2.jar to /tmp/spark-6cb845bc-d357-4c30-ba6e-1cdc7abded99/userFiles-b27bf93a-0ec2-4146-8864-e93b3194124f/fetchFileTemp8973152836162304274.tmp
26/05/25 15:33:02 INFO Utils: /tmp/spark-6cb845bc-d357-4c30-ba6e-1cdc7abded99/userFiles-b27bf93a-0ec2-4146-8864-e93b3194124f/fetchFileTemp8973152836162304274.tmp has been previously copied to /tmp/spark-6cb845bc-d357-4c30-ba6e-1cdc7abded99/userFiles-b27bf93a-0ec2-4146-8864-e93b3194124f/org.postgresql_postgresql-42.7.2.jar
26/05/25 15:33:02 INFO Executor: Adding file:/tmp/spark-6cb845bc-d357-4c30-ba6e-1cdc7abded99/userFiles-b27bf93a-0ec2-4146-8864-e93b3194124f/org.postgresql_postgresql-42.7.2.jar to class loader default
26/05/25 15:33:02 INFO Executor: Fetching spark://localhost:43457/jars/org.xerial.snappy_snappy-java-1.1.10.3.jar with timestamp 1779697980913
26/05/25 15:33:02 INFO Utils: Fetching spark://localhost:43457/jars/org.xerial.snappy_snappy-java-1.1.10.3.jar to /tmp/spark-6cb845bc-d357-4c30-ba6e-1cdc7abded99/userFiles-b27bf93a-0ec2-4146-8864-e93b3194124f/fetchFileTemp11701108557071137639.tmp
26/05/25 15:33:02 INFO Utils: /tmp/spark-6cb845bc-d357-4c30-ba6e-1cdc7abded99/userFiles-b27bf93a-0ec2-4146-8864-e93b3194124f/fetchFileTemp11701108557071137639.tmp has been previously copied to /tmp/spark-6cb845bc-d357-4c30-ba6e-1cdc7abded99/userFiles-b27bf93a-0ec2-4146-8864-e93b3194124f/org.xerial.snappy_snappy-java-1.1.10.3.jar
26/05/25 15:33:02 INFO Executor: Adding file:/tmp/spark-6cb845bc-d357-4c30-ba6e-1cdc7abded99/userFiles-b27bf93a-0ec2-4146-8864-e93b3194124f/org.xerial.snappy_snappy-java-1.1.10.3.jar to class loader default
26/05/25 15:33:02 INFO Executor: Fetching spark://localhost:43457/jars/org.slf4j_slf4j-api-2.0.7.jar with timestamp 1779697980913
26/05/25 15:33:02 INFO Utils: Fetching spark://localhost:43457/jars/org.slf4j_slf4j-api-2.0.7.jar to /tmp/spark-6cb845bc-d357-4c30-ba6e-1cdc7abded99/userFiles-b27bf93a-0ec2-4146-8864-e93b3194124f/fetchFileTemp1414801307521424955.tmp
26/05/25 15:33:02 INFO Utils: /tmp/spark-6cb845bc-d357-4c30-ba6e-1cdc7abded99/userFiles-b27bf93a-0ec2-4146-8864-e93b3194124f/fetchFileTemp1414801307521424955.tmp has been previously copied to /tmp/spark-6cb845bc-d357-4c30-ba6e-1cdc7abded99/userFiles-b27bf93a-0ec2-4146-8864-e93b3194124f/org.slf4j_slf4j-api-2.0.7.jar
26/05/25 15:33:02 INFO Executor: Adding file:/tmp/spark-6cb845bc-d357-4c30-ba6e-1cdc7abded99/userFiles-b27bf93a-0ec2-4146-8864-e93b3194124f/org.slf4j_slf4j-api-2.0.7.jar to class loader default
26/05/25 15:33:02 INFO Executor: Fetching spark://localhost:43457/jars/org.apache.spark_spark-sql-kafka-0-10_2.12-3.5.0.jar with timestamp 1779697980913
26/05/25 15:33:02 INFO Utils: Fetching spark://localhost:43457/jars/org.apache.spark_spark-sql-kafka-0-10_2.12-3.5.0.jar to /tmp/spark-6cb845bc-d357-4c30-ba6e-1cdc7abded99/userFiles-b27bf93a-0ec2-4146-8864-e93b3194124f/fetchFileTemp18126860525391320683.tmp
26/05/25 15:33:02 INFO Utils: /tmp/spark-6cb845bc-d357-4c30-ba6e-1cdc7abded99/userFiles-b27bf93a-0ec2-4146-8864-e93b3194124f/fetchFileTemp18126860525391320683.tmp has been previously copied to /tmp/spark-6cb845bc-d357-4c30-ba6e-1cdc7abded99/userFiles-b27bf93a-0ec2-4146-8864-e93b3194124f/org.apache.spark_spark-sql-kafka-0-10_2.12-3.5.0.jar
26/05/25 15:33:02 INFO Executor: Adding file:/tmp/spark-6cb845bc-d357-4c30-ba6e-1cdc7abded99/userFiles-b27bf93a-0ec2-4146-8864-e93b3194124f/org.apache.spark_spark-sql-kafka-0-10_2.12-3.5.0.jar to class loader default
26/05/25 15:33:02 INFO Executor: Fetching spark://localhost:43457/jars/org.apache.commons_commons-pool2-2.11.1.jar with timestamp 1779697980913
26/05/25 15:33:02 INFO Utils: Fetching spark://localhost:43457/jars/org.apache.commons_commons-pool2-2.11.1.jar to /tmp/spark-6cb845bc-d357-4c30-ba6e-1cdc7abded99/userFiles-b27bf93a-0ec2-4146-8864-e93b3194124f/fetchFileTemp4882140324055265572.tmp
26/05/25 15:33:02 INFO Utils: /tmp/spark-6cb845bc-d357-4c30-ba6e-1cdc7abded99/userFiles-b27bf93a-0ec2-4146-8864-e93b3194124f/fetchFileTemp4882140324055265572.tmp has been previously copied to /tmp/spark-6cb845bc-d357-4c30-ba6e-1cdc7abded99/userFiles-b27bf93a-0ec2-4146-8864-e93b3194124f/org.apache.commons_commons-pool2-2.11.1.jar
26/05/25 15:33:02 INFO Executor: Adding file:/tmp/spark-6cb845bc-d357-4c30-ba6e-1cdc7abded99/userFiles-b27bf93a-0ec2-4146-8864-e93b3194124f/org.apache.commons_commons-pool2-2.11.1.jar to class loader default
26/05/25 15:33:02 INFO Executor: Fetching spark://localhost:43457/jars/org.apache.hadoop_hadoop-client-api-3.3.4.jar with timestamp 1779697980913
26/05/25 15:33:02 INFO Utils: Fetching spark://localhost:43457/jars/org.apache.hadoop_hadoop-client-api-3.3.4.jar to /tmp/spark-6cb845bc-d357-4c30-ba6e-1cdc7abded99/userFiles-b27bf93a-0ec2-4146-8864-e93b3194124f/fetchFileTemp6851276057569313103.tmp
26/05/25 15:33:02 INFO Utils: /tmp/spark-6cb845bc-d357-4c30-ba6e-1cdc7abded99/26/05/25 15:33:02 INFO Utils: /tmp/spark-fcf7a622-9c95-45cb-8ec6-ba46cd26997e/userFiles-94cdce42-801a-4c7a-9cc6-0c48aa64ee5c/fetchFileTemp6755741493362977040.tmp has been previously copied to /tmp/spark-fcf7a622-9c95-45cb-8ec6-ba46cd26997e/userFiles-94cdc26/05/25 15:33:02 INFO Executor: Adding file:/tmp/spark-6cb845bc-d357-4c30-ba6e-1c26/05/25 15:33:02 INFO Executor: Adding file:/tmp/spark-fcf7a622-9c95-45cb-8ec6-ba46cd26997e/userFiles-94cdce42-801a-4c7a-9cc6-0c48aa64ee5c/org.apache.hadoop_hadoop-client-runtime-3.3.4.jar to class loader default
26/05/25 15:33:02 INFO Executor: Fetching spark://localhost:38663/jars/org.apache.kafka_kafka-clients-3.4.1.jar with timestamp 1779697980948
26/05/25 15:33:02 INFO Utils: Fetching spark://localhost:38663/jars/org.apache.kafka_kafka-clients-3.4.1.jar to /tmp/spark-fcf7a622-9c95-45cb-8ec6-ba46cd26997e/userFiles-94cdce42-801a-4c7a-9cc6-0c48aa64ee5c/fetchFileTemp16859142383640420710.tmp
26/05/25 15:33:02 INFO Utils: /tmp/spark-fcf7a622-9c95-45cb-8ec6-ba46cd26997e/userFiles-94cdce42-801a-4c7a-9cc6-0c48aa64ee5c/fetchFileTemp16859142383640420710.tmp has been previously copied to /tmp/spark-fcf7a622-9c95-45cb-8ec6-ba46cd26997e/userFiles-94cdce42-801a-4c7a-9cc6-0c48aa64ee5c/org.apache.kafka_kafka-clients-3.4.1.jar
26/05/25 15:33:02 INFO Executor: Adding file:/tmp/spark-fcf7a622-9c95-45cb-8ec6-ba46cd26997e/userFiles-94cdce42-801a-4c7a-9cc6-0c48aa64ee5c/org.apache.kafka_kafka-clients-3.4.1.jar to class loader default
26/05/25 15:33:02 INFO Executor: Fetching spark://localhost:38663/jars/org.apache.hadoop_hadoop-client-api-3.3.4.jar with timestamp 1779697980948
26/05/25 15:33:02 INFO Utils: Fetching spark://localhost:38663/jars/org.apache.hadoop_hadoop-client-api-3.3.4.jar to /tmp/spark-fcf7a622-9c95-45cb-8ec6-ba46cd26997e/userFiles-94cdce42-801a-4c7a-9cc6-0c48aa64ee5c/fetchFileTemp12666851786572301942.tmp
26/05/25 15:33:02 INFO Utils: /tmp/spark-fcf7a622-9c95-45cb-8ec6-ba46cd26997e/userFiles-94cdce42-801a-4c7a-9cc6-0c48aa64ee5c/fetchFileTemp12666851786572301942.tmp has been previously copied to /tmp/spark-fcf7a622-9c95-45cb-8ec6-ba46cd26997e/userFiles-94cdce42-801a-4c7a-9cc6-0c48aa64ee5c/org.apache.hadoop_hadoop-client-api-3.3.4.jar
26/05/25 15:33:02 INFO Executor: Adding file:/tmp/spark-fcf7a622-9c95-45cb-8ec6-ba46cd26997e/userFiles-94cdce42-801a-4c7a-9cc6-0c48aa64ee5c/org.apache.hadoop_hadoop-client-api-3.3.4.jar to class loader default
26/05/25 15:33:02 INFO Executor: Fetching spark://localhost:38663/jars/org.apache.spark_spark-sql-kafka-0-10_2.12-3.5.0.jar with timestamp 1779697980948
26/05/25 15:33:02 INFO Utils: Fetching spark://localhost:38663/jars/org.apache.spark_spark-sql-kafka-0-10_2.12-3.5.0.jar to /tmp/spark-fcf7a622-9c95-45cb-8ec6-ba46cd26997e/userFiles-94cdce42-801a-4c7a-9cc6-0c48aa64ee5c/fetchFileTemp14477917855325482324.tmp
26/05/25 15:33:02 INFO Utils: /tmp/spark-fcf7a622-9c95-45cb-8ec6-ba46cd26997e/userFiles-94cdce42-801a-4c7a-9cc6-0c48aa64ee5c/fetchFileTemp14477917855325482324.tmp has been previously copied to /tmp/spark-fcf7a622-9c95-45cb-8ec6-ba46cd26997e/userFiles-94cdce42-801a-4c7a-9cc6-0c48aa64ee5c/org.apache.spark_spark-sql-kafka-0-10_2.12-3.5.0.jar
26/05/25 15:33:02 INFO Executor: Adding file:/tmp/spark-fcf7a622-9c95-45cb-8ec6-ba46cd26997e/userFiles-94cdce42-801a-4c7a-9cc6-0c48aa64ee5c/org.apache.spark_spark-sql-kafka-0-10_2.12-3.5.0.jar to class loader default
26/05/25 15:33:02 INFO Executor: Fetching spark://localhost:38663/jars/org.lz4_lz4-java-1.8.0.jar with timestamp 1779697980948
26/05/25 15:33:02 INFO Utils: Fetching spark://localhost:38663/jars/org.lz4_lz4-java-1.8.0.jar to /tmp/spark-fcf7a622-9c95-45cb-8ec6-ba46cd26997e/userFiles-94cdce42-801a-4c7a-9cc6-0c48aa64ee5c/fetchFileTemp16975975606453685760.tmp
26/05/25 15:33:02 INFO Utils: /tmp/spark-fcf7a622-9c95-45cb-8ec6-ba46cd26997e/userFiles-94cdce42-801a-4c7a-9cc6-0c48aa64ee5c/fetchFileTemp16975975606453685760.tmp has been previously copied to /tmp/spark-fcf7a622-9c95-45cb-8ec6-ba46cd26997e/userFiles-94cdce42-801a-4c7a-9cc6-0c48aa64ee5c/org.lz4_lz4-java-1.8.0.jar
26/05/25 15:33:02 INFO Executor: Adding file:/tmp/spark-fcf7a622-9c95-45cb-8ec6-ba46cd26997e/userFiles-94cdce42-801a-4c7a-9cc6-0c48aa64ee5c/org.lz4_lz4-java-1.8.0.jar to class loader default
26/05/25 15:33:02 INFO Executor: Fetching spark://localhost:38663/jars/org.apache.spark_spark-token-provider-kafka-0-10_2.12-3.5.0.jar with timestamp 1779697980948
26/05/25 15:33:02 INFO Utils: Fetching spark://localhost:38663/jars/org.apache.spark_spark-token-provider-kafka-0-10_2.12-3.5.0.jar to /tmp/spark-fcf7a622-9c95-45cb-8ec6-ba46cd26997e/userFiles-94cdce42-801a-4c7a-9cc6-0c48aa64ee5c/fetchFileTemp8500975996329089135.tmp
26/05/25 15:33:02 INFO Utils: /tmp/spark-fcf7a622-9c95-45cb-8ec6-ba46cd26997e/userFiles-94cdce42-801a-4c7a-9cc6-0c48aa64ee5c/fetchFileTemp8500975996329089135.tmp has been previously copied to /tmp/spark-fcf7a622-9c95-45cb-8ec6-ba46cd26997e/userFiles-94cdce42-801a-4c7a-9cc6-0c48aa64ee5c/org.apache.spark_spark-token-provider-kafka-0-10_2.12-3.5.0.jar
26/05/25 15:33:02 INFO Executor: Adding file:/tmp/spark-fcf7a622-9c95-45cb-8ec6-ba46cd26997e/userFiles-94cdce42-801a-4c7a-9cc6-0c48aa64ee5c/org.apache.spark_spark-token-provider-kafka-0-10_2.12-3.5.0.jar to class loader default
26/05/25 15:33:02 INFO Utils: Successfully started service 'org.apache.spark.network.netty.NettyBlockTransferService' on port 37117.
26/05/25 15:33:02 INFO NettyBlockTransferService: Server created on localhost:37117
26/05/25 15:33:02 INFO BlockManager: Using org.apache.spark.storage.RandomBlockReplicationPolicy for block replication policy
26/05/25 15:33:02 INFO BlockManagerMaster: Registering BlockManager BlockManagerId(driver, localhost, 37117, None)
26/05/25 15:33:02 INFO BlockManagerMasterEndpoint: Registering block manager localhost:37117 with 1048.8 MiB RAM, BlockManagerId(driver, localhost, 37117, None)
26/05/25 15:33:02 INFO BlockManagerMaster: Registered BlockManager BlockManagerId(driver, localhost, 37117, None)
26/05/25🚀 Khởi động Spark Streaming kết nối tới Kafka (localhost) và HDFS (hdfs://localhost:9820)...
Traceback (most recent call last):
  File "/home/hadoop/realtime-stock-pipeline/data-generator/spark-pTraceback (most recent call last):
  File "/home/hadoop/realtime-stock-pipeline/data-generator/spark-processor.py", line 124, in <module>
    .start()
     ^^^^^^^
  File "/opt/spark/python/lib/pyspark.zip/pyspark/sql/streaming/readwriter.py", line 1527, in start
  File "/opt/spark/python/lib/py4j-0.10.9.7-src.zip/py4j/java_gateway.py", line 1322, in __call__
  File "/opt/spark/python/lib/pyspark.zip/pyspark/errors/exceptions/captured.py", line 179, in deco
  File "/opt/spark/python/lib/py4j-0.10.9.7-src.zip/py4j/protocol.py", line 326, in get_return_value
py4j.protocol.Py4JJavaError: An error occurred while calling o102.start.
: java.net.ConnectException: Call From Lolicon/127.0.1.1 to localhost:9820 failed on connection exception: java.net.ConnectException: Connection refused; For more details see:  http://wiki.apache.org/hadoop/ConnectionRefused
	at java.base/jdk.internal.reflect.NativeConstructorAccessorImpl.newInstance0(Native Method)
	at java.base/jdk.internal.reflect.NativeConstructorAccessorImpl.newInstance(NativeConstructorAccessorImpl.java:62)
	at java.base/jdk.internal.reflect.DelegatingConstructorAccessorImpl.newInstance(DelegatingConstructorAccessorImpl.java:45)
	at java.base/java.lang.reflect.Constructor.newInstance(Constructor.java:490)
	at org.apache.hadoop.net.NetUtils.wrapWithMessage(NetUtils.java:913)
	at org.apache.hadoop.net.NetUtils.wrapException(NetUtils.java:828)
	at org.apache.hadoop.ipc.Client.getRpcResponse(Client.java:1616)
	at org.apache.hadoop.ipc.Client.call(Client.java:1558)
	at org.apache.hadoop.ipc.Client.call(Client.java:1455)
	at org.apache.hadoop.ipc.ProtobufRpcEngine2$Invoker.invoke(ProtobufRpcEngine2.java:242)
	at org.apache.hadoop.ipc.ProtobufRpcEngine2$Invoker.invoke(ProtobufRpcEngine2.java:129)
	at com.sun.proxy.$Proxy36.mkdirs(Unknown Source)
	at org.apache.hadoop.hdfs.protocolPB.ClientNamenodeProtocolTranslatorPB.mkdirs(ClientNamenodeProtocolTranslatorPB.java:674)
	at java.base/jdk.internal.reflect.NativeMethodAccessorImpl.invoke0(Native Method)
	at java.base/jdk.internal.reflect.NativeMethodAccessorImpl.invoke(NativeMethodAccessorImpl.java:62)
	at java.base/jdk.internal.reflect.DelegatingMethodAccessorImpl.invoke(DelegatingMethodAccessorImpl.java:43)
	at java.base/java.lang.reflect.Method.invoke(Method.java:566)
	at org.apache.hadoop.io.retry.RetryInvocationHandler.invokeMethod(RetryInvocationHandler.java:422)
	at org.apache.hadoop.io.retry.RetryInvocationHandler$Call.invokeMethod(RetryInvocationHandler.java:165)
	at org.apache.hadoop.io.retry.RetryInvocationHandler$Call.invoke(RetryInvocationHandler.java:157)
	at org.apache.hadoop.io.retry.RetryInvocationHandler$Call.invokeOnce(RetryInvocationHandler.java:95)
	at org.apache.hadoop.io.retry.RetryInvocationHandler.invoke(RetryInvocationHandler.java:359)
	at com.sun.proxy.$Proxy37.mkdirs(Unknown Source)
	at org.apache.hadoop.hdfs.DFSClient.primitiveMkdir(DFSClient.java:2507)
	at org.apache.hadoop.fs.Hdfs.mkdir(Hdfs.java:366)
	at org.apache.hadoop.fs.FileContext$4.next(FileContext.java:809)
	at org.apache.hadoop.fs.FileContext$4.next(FileContext.java:805)
	at org.apache.hadoop.fs.FSLinkResolver.resolve(FSLinkResolver.java:90)
	at org.apache.hadoop.fs.FileContext.mkdir(FileContext.java:812)
	at org.apache.spark.sql.execution.streaming.AbstractFileContextBasedCheckpointFileManager.createCheckpointDirectory(CheckpointFileManager.scala:346)
	at org.apache.spark.sql.execution.streaming.ResolveWriteToStream$.resolveCheckpointLocation(ResolveWriteToStream.scala:131)
	at org.apache.spark.sql.execution.streaming.ResolveWriteToStream$$anonfun$apply$1.applyOrElse(ResolveWriteToStream.scala:42)
	at org.apache.spark.sql.execution.streaming.ResolveWriteToStream$$anonfun$apply$1.applyOrElse(ResolveWriteToStream.scala:40)
	at org.apache.spark.sql.catalyst.plans.logical.AnalysisHelper.$anonfun$resolveOperatorsDownWithPruning$2(AnalysisHelper.scala:170)
	at org.apache.spark.sql.catalyst.trees.CurrentOrigin$.withOrigin(origin.scala:76)
	at org.apache.spark.sql.catalyst.plans.logical.AnalysisHelper.$anonfun$resolveOperatorsDownWithPruning$1(AnalysisHelper.scala:170)
	at org.apache.spark.sql.catalyst.plans.logical.AnalysisHelper$.allowInvokingTransformsInAnalyzer(AnalysisHelper.scala:323)
	at org.apache.spark.sql.catalyst.plans.logical.AnalysisHelper.resolveOperatorsDownWithPruning(AnalysisHelper.scala:168)
	at org.apache.spark.sql.catalyst.plans.logical.AnalysisHelper.resolveOperatorsDownWithPruning$(AnalysisHelper.scala:164)
	at org.apache.spark.sql.catalyst.plans.logical.LogicalPlan.resolveOperatorsDownWithPruning(LogicalPlan.scala:32)
	at org.apache.spark.sql.catalyst.plans.logical.AnalysisHelper.resolveOperatorsWithPruning(AnalysisHelper.scala:99)
	at org.apache.spark.sql.catalyst.plans.logical.AnalysisHelper.resolveOperatorsWithPruning$(AnalysisHelper.scala:96)
	at org.apache.spark.sql.catalyst.plans.logical.LogicalPlan.resolveOperatorsWithPruning(LogicalPlan.scala:32)
	at org.apache.spark.sql.catalyst.plans.logical.AnalysisHelper.resolveOperators(AnalysisHelper.scala:76)
	at org.apache.spark.sql.catalyst.plans.logical.AnalysisHelper.resolveOperators$(AnalysisHelper.scala:75)
	at org.apache.spark.sql.catalyst.plans.logical.LogicalPlan.resolveOperators(LogicalPlan.scala:32)
	at org.apache.spark.sql.execution.streaming.ResolveWriteToStream$.apply(ResolveWriteToStream.scala:40)
	at org.apache.spark.sql.execution.streaming.ResolveWriteToStream$.apply(ResolveWriteToStream.scala:39)
	at org.apache.spark.sql.catalyst.rules.RuleExecutor.$anonfun$execute$2(RuleExecutor.scala:222)
	at scala.collection.LinearSeqOptimized.foldLeft(LinearSeqOptimized.scala:126)
	at scala.collection.LinearSeqOptimized.foldLeft$(LinearSeqOptimized.scala:122)
	at scala.collection.immutable.List.foldLeft(List.scala:91)
	at org.apache.spark.sql.catalyst.rules.RuleExecutor.$anonfun$execute$1(RuleExecutor.scala:219)
	at org.apache.spark.sql.catalyst.rules.RuleExecutor.$anonfun$execute$1$adapted(RuleExecutor.scala:211)
	at scala.collection.immutable.List.foreach(List.scala:431)
	at org.apache.spark.sql.catalyst.rules.RuleExecutor.execute(RuleExecutor.scala:211)
	at org.apache.spark.sql.catalyst.analysis.Analyzer.org$apache$spark$sql$catalyst$analysis$Analyzer$$executeSameContext(Analyzer.scala:240)
	at org.apache.spark.sql.catalyst.analysis.Analyzer.$anonfun$execute$1(Analyzer.scala:236)
	at org.apache.spark.sql.catalyst.analysis.AnalysisContext$.withNewAnalysisContext(Analyzer.scala:187)
	at org.apache.spark.sql.catalyst.analysis.Analyzer.execute(Analyzer.scala:236)
	at org.apache.spark.sql.catalyst.analysis.Analyzer.execute(Analyzer.scala:202)
	at org.apache.spark.sql.catalyst.rules.RuleExecutor.$anonfun$executeAndTrack$1(RuleExecutor.scala:182)
	at org.apache.spark.sql.catalyst.QueryPlanningTracker$.withTracker(QueryPlanningTracker.scala:89)
	at org.apache.spark.sql.catalyst.rules.RuleExecutor.executeAndTrack(RuleExecutor.scala:182)
	at org.apache.spark.sql.catalyst.analysis.Analyzer.$anonfun$executeAndCheck$1(Analyzer.scala:223)
	at org.apache.spark.sql.catalyst.plans.logical.AnalysisHelper$.markInAnalyzer(AnalysisHelper.scala:330)
	at org.apache.spark.sql.catalyst.analysis.Analyzer.executeAndCheck(Analyzer.scala:222)
	at org.apache.spark.sql.execution.QueryExecution.$anonfun$analyzed$1(QueryExecution.scala:77)
	at org.apache.spark.sql.catalyst.QueryPlanningTracker.measurePhase(QueryPlanningTracker.scala:138)
	at org.apache.spark.sql.execution.QueryExecution.$anonfun$executePhase$2(QueryExecution.scala:219)
	at org.apache.spark.sql.execution.QueryExecution$.withInternalError(QueryExecution.scala:546)
	at org.apache.spark.sql.execution.QueryExecution.$anonfun$executePhase$1(QueryExecution.scala:219)
	at org.apache.spark.sql.SparkSession.withActive(SparkSession.scala:900)
	at org.apache.spark.sql.execution.QueryExecution.executePhase(QueryExecution.scala:218)
	at org.apache.spark.sql.execution.QueryExecution.analyzed$lzycompute(QueryExecution.scala:77)
	at org.apache.spark.sql.execution.QueryExecution.analyzed(QueryExecution.scala:74)
	at org.apache.spark.sql.streaming.StreamingQueryManager.createQuery(StreamingQueryManager.scala:270)
	at org.apache.spark.sql.streaming.StreamingQueryManager.startQuery(StreamingQueryManager.scala:346)
	at org.apache.spark.sql.streaming.DataStreamWriter.startQuery(DataStreamWriter.scala:433)
	at org.apache.spark.sql.streaming.DataStreamWriter.startInternal(DataStreamWriter.scala:368)
	at org.apache.spark.sql.streaming.DataStreamWriter.start(DataStreamWriter.scala:251)
	at java.base/jdk.internal.reflect.NativeMethodAccessorImpl.invoke0(Native Method)
	at java.base/jdk.internal.reflect.NativeMethodAccessorImpl.invoke(NativeMethodAccessorImpl.java:62)
	at java.base/jdk.internal.reflect.DelegatingMethodAccessorImpl.invoke(DelegatingMethodAccessorImpl.java:43)
	at java.base/java.lang.reflect.Method.invoke(Method.java:566)
	at py4j.reflection.MethodInvoker.invoke(MethodInvoker.java:244)
	at py4j.reflection.ReflectionEngine.invoke(ReflectionEngine.java:374)
	at py4j.Gateway.invoke(Gateway.java:282)
	at py4j.commands.AbstractCommand.invokeMethod(AbstractCommand.java:132)
	at py4j.commands.CallCommand.execute(CallCommand.java:79)
	at py4j.ClientServerConnection.waitForCommands(ClientServerConnection.java:182)
	at py4j.ClientServerConnection.run(ClientServerConnection.java:106)
	at java.base/java.lang.Thread.run(Thread.java:829)
Caused by: java.net.ConnectException: Connection refused
	at java.base/sun.nio.ch.SocketChannelImpl.checkConnect(Native Method)
	at java.base/sun.nio.ch.SocketChannelImpl.finishConnect(SocketChannelImpl.java:777)
	at org.apache.hadoop.net.SocketIOWithTimeout.connect(SocketIOWithTimeout.java:205)
	at org.apache.hadoop.net.NetUtils.connect(NetUtils.java:586)
	at org.apache.hadoop.ipc.Client$Connection.setupConnection(Client.java:711)
	at org.apache.hadoop.ipc.Client$Connection.setupIOstreams(Client.java:833)
	at org.apache.hadoop.ipc.Client$Connection.access$3800(Client.java:414)
	at org.apache.hadoop.ipc.Client.getConnection(Client.java:1677)
	at org.apache.hadoop.ipc.Client.call(Client.java:1502)
	... 85 more

